<?xml version="1.0" encoding="UTF-8"?>
<!-- Generated by org.testng.reporters.JUnitReportReporter -->
<testsuite hostname="DESKTOP-JBGQ09U" name="com.qa.testcases.GetAPITest" tests="1" failures="0" timestamp="5 May 2020 14:44:50 GMT" time="2.019" errors="0">
  <testcase name="getAPITest" time="2.019" classname="com.qa.testcases.GetAPITest"/>
</testsuite> <!-- com.qa.testcases.GetAPITest -->
